<?xml version="1.0" encoding="UTF-8"?>
<testsuite name="Create new user account" tests="1" skipped="0" failures="0" errors="0" timestamp="2021-06-12T04:17:35" hostname="50HW015982" time="0.269">
  <properties/>
  <testcase name="create successfully user account" classname="Create new user account" time="0.269"/>
  <system-out><![CDATA[--- user
Name: fidel
Lastname: villero
Email: fideljose17@gmail.com
]]></system-out>
  <system-err><![CDATA[[Test worker] INFO net.thucydides.core.steps.ConsoleLoggingListener - 
        __    _____ _____ ____ _____   ____   _    ____  ____  _____ ____  
  _     \ \  |_   _| ____/ ___|_   _| |  _ \ / \  / ___|/ ___|| ____|  _ \ 
 (_)_____| |   | | |  _| \___ \ | |   | |_) / _ \ \___ \\___ \|  _| | | | |
  _|_____| |   | | | |___ ___) || |   |  __/ ___ \ ___) |___) | |___| |_| |
 (_)     | |   |_| |_____|____/ |_|   |_| /_/   \_\____/|____/|_____|____/ 
        /_/                                                                

TEST PASSED: create successfully user account
----------------------------------------------------------------------------
]]></system-err>
</testsuite>
